<?xml version="1.0" encoding="UTF-8"?>
<testsuite name="com.example.springboot.HelloControllerTest" tests="1" skipped="0" failures="0" errors="0" timestamp="2020-11-23T06:11:47" hostname="DESKTOP-7GQDO6U" time="0.024">
  <properties/>
  <testcase name="getHello()" classname="com.example.springboot.HelloControllerTest" time="0.024"/>
  <system-out><![CDATA[2020-11-23 14:11:46.568  INFO 5296 --- [    Test worker] .b.t.c.SpringBootTestContextBootstrapper : Neither @ContextConfiguration nor @ContextHierarchy found for test class [com.example.springboot.HelloControllerTest], using SpringBootContextLoader
2020-11-23 14:11:46.569  INFO 5296 --- [    Test worker] o.s.t.c.support.AbstractContextLoader    : Could not detect default resource locations for test class [com.example.springboot.HelloControllerTest]: no resource found for suffixes {-context.xml, Context.groovy}.
2020-11-23 14:11:46.569  INFO 5296 --- [    Test worker] t.c.s.AnnotationConfigContextLoaderUtils : Could not detect default configuration classes for test class [com.example.springboot.HelloControllerTest]: HelloControllerTest does not declare any static, non-private, non-final, nested classes annotated with @Configuration.
2020-11-23 14:11:46.577  INFO 5296 --- [    Test worker] .b.t.c.SpringBootTestContextBootstrapper : Found @SpringBootConfiguration com.example.springboot.Application for test class com.example.springboot.HelloControllerTest
2020-11-23 14:11:46.579  INFO 5296 --- [    Test worker] .b.t.c.SpringBootTestContextBootstrapper : Loaded default TestExecutionListener class names from location [META-INF/spring.factories]: [org.springframework.boot.test.autoconfigure.restdocs.RestDocsTestExecutionListener, org.springframework.boot.test.autoconfigure.web.client.MockRestServiceServerResetTestExecutionListener, org.springframework.boot.test.autoconfigure.web.servlet.MockMvcPrintOnlyOnFailureTestExecutionListener, org.springframework.boot.test.autoconfigure.web.servlet.WebDriverTestExecutionListener, org.springframework.boot.test.autoconfigure.webservices.client.MockWebServiceServerTestExecutionListener, org.springframework.boot.test.mock.mockito.MockitoTestExecutionListener, org.springframework.boot.test.mock.mockito.ResetMocksTestExecutionListener, org.springframework.test.context.web.ServletTestExecutionListener, org.springframework.test.context.support.DirtiesContextBeforeModesTestExecutionListener, org.springframework.test.context.support.DependencyInjectionTestExecutionListener, org.springframework.test.context.support.DirtiesContextTestExecutionListener, org.springframework.test.context.transaction.TransactionalTestExecutionListener, org.springframework.test.context.jdbc.SqlScriptsTestExecutionListener, org.springframework.test.context.event.EventPublishingTestExecutionListener]
2020-11-23 14:11:46.580  INFO 5296 --- [    Test worker] .b.t.c.SpringBootTestContextBootstrapper : Using TestExecutionListeners: [org.springframework.test.context.web.ServletTestExecutionListener@43e1f0ce, org.springframework.test.context.support.DirtiesContextBeforeModesTestExecutionListener@505456ef, org.springframework.boot.test.mock.mockito.MockitoTestExecutionListener@1add0fe8, org.springframework.boot.test.autoconfigure.SpringBootDependencyInjectionTestExecutionListener@41c9a3fc, org.springframework.test.context.support.DirtiesContextTestExecutionListener@d625c8b, org.springframework.test.context.event.EventPublishingTestExecutionListener@7ff390e6, org.springframework.boot.test.autoconfigure.restdocs.RestDocsTestExecutionListener@da372bf, org.springframework.boot.test.autoconfigure.web.client.MockRestServiceServerResetTestExecutionListener@1f9f6b4, org.springframework.boot.test.autoconfigure.web.servlet.MockMvcPrintOnlyOnFailureTestExecutionListener@1e607404, org.springframework.boot.test.autoconfigure.web.servlet.WebDriverTestExecutionListener@7df7a38e, org.springframework.boot.test.autoconfigure.webservices.client.MockWebServiceServerTestExecutionListener@6b570005, org.springframework.boot.test.mock.mockito.ResetMocksTestExecutionListener@25d5178d]

  .   ____          _            __ _ _
 /\\ / ___'_ __ _ _(_)_ __  __ _ \ \ \ \
( ( )\___ | '_ | '_| | '_ \/ _` | \ \ \ \
 \\/  ___)| |_)| | | | | || (_| |  ) ) ) )
  '  |____| .__|_| |_|_| |_\__, | / / / /
 =========|_|==============|___/=/_/_/_/
 :: Spring Boot ::        (v2.3.3.RELEASE)

2020-11-23 14:11:46.620  INFO 5296 --- [    Test worker] c.e.springboot.HelloControllerTest       : Starting HelloControllerTest on DESKTOP-7GQDO6U with PID 5296 (started by Lenovo in C:\Users\Lenovo\Downloads\gs-spring-boot-master\gs-spring-boot-master\complete)
2020-11-23 14:11:46.621  INFO 5296 --- [    Test worker] c.e.springboot.HelloControllerTest       : No active profile set, falling back to default profiles: default
2020-11-23 14:11:47.156  INFO 5296 --- [    Test worker] o.s.s.concurrent.ThreadPoolTaskExecutor  : Initializing ExecutorService 'applicationTaskExecutor'
2020-11-23 14:11:47.405  INFO 5296 --- [    Test worker] o.s.b.t.m.w.SpringBootMockServletContext : Initializing Spring TestDispatcherServlet ''
2020-11-23 14:11:47.406  INFO 5296 --- [    Test worker] o.s.t.web.servlet.TestDispatcherServlet  : Initializing Servlet ''
2020-11-23 14:11:47.412  INFO 5296 --- [    Test worker] o.s.b.a.e.web.EndpointLinksResolver      : Exposing 2 endpoint(s) beneath base path '/actuator'
2020-11-23 14:11:47.442  INFO 5296 --- [    Test worker] o.s.t.web.servlet.TestDispatcherServlet  : Completed initialization in 36 ms
2020-11-23 14:11:47.465  INFO 5296 --- [    Test worker] c.e.springboot.HelloControllerTest       : Started HelloControllerTest in 0.878 seconds (JVM running for 7.481)
Let's inspect the beans provided by Spring Boot:
application
applicationAvailability
applicationTaskExecutor
basicErrorController
beanNameHandlerMapping
beanNameViewResolver
characterEncodingFilter
classLoaderMetrics
commandLineRunner
controllerEndpointDiscoverer
controllerEndpointHandlerMapping
controllerExposeExcludePropertyEndpointFilter
conventionErrorViewResolver
defaultServletHandlerMapping
defaultViewResolver
diskSpaceHealthIndicator
dispatcherServlet
dispatcherServletMappingDescriptionProvider
dispatcherServletRegistration
endpointCachingOperationInvokerAdvisor
endpointMediaTypes
endpointOperationParameterMapper
envInfoContributor
error
errorAttributes
errorPageCustomizer
errorPageRegistrarBeanPostProcessor
fileDescriptorMetrics
filterMappingDescriptionProvider
formContentFilter
handlerExceptionResolver
handlerFunctionAdapter
healthAggregator
healthContributorRegistry
healthEndpoint
healthEndpointGroups
healthEndpointGroupsBeanPostProcessor
healthEndpointProperties
healthEndpointWebExtension
healthHttpCodeStatusMapper
healthIndicatorRegistry
healthStatusAggregator
helloController
httpRequestHandlerAdapter
infoEndpoint
jacksonObjectMapper
jacksonObjectMapperBuilder
jsonComponentModule
jvmGcMetrics
jvmMemoryMetrics
jvmThreadMetrics
lifecycleProcessor
localeCharsetMappingsCustomizer
logbackMetrics
management.endpoints.web-org.springframework.boot.actuate.autoconfigure.endpoint.web.WebEndpointProperties
management.endpoints.web.cors-org.springframework.boot.actuate.autoconfigure.endpoint.web.CorsEndpointProperties
management.health.diskspace-org.springframework.boot.actuate.autoconfigure.system.DiskSpaceHealthIndicatorProperties
management.health.status-org.springframework.boot.actuate.autoconfigure.health.HealthIndicatorProperties
management.info-org.springframework.boot.actuate.autoconfigure.info.InfoContributorProperties
management.metrics-org.springframework.boot.actuate.autoconfigure.metrics.MetricsProperties
management.metrics.export.simple-org.springframework.boot.actuate.autoconfigure.metrics.export.simple.SimpleProperties
management.server-org.springframework.boot.actuate.autoconfigure.web.server.ManagementServerProperties
managementServletContext
mappingJackson2HttpMessageConverter
messageConverters
meterRegistryPostProcessor
metricsHttpClientUriTagFilter
metricsHttpServerUriTagFilter
metricsRestTemplateCustomizer
metricsWebMvcConfigurer
micrometerClock
mockMvc
mockMvcBuilder
multipartConfigElement
multipartResolver
mvcContentNegotiationManager
mvcConversionService
mvcHandlerMappingIntrospector
mvcPathMatcher
mvcResourceUrlProvider
mvcUriComponentsContributor
mvcUrlPathHelper
mvcValidator
mvcViewResolver
org.springframework.aop.config.internalAutoProxyCreator
org.springframework.boot.actuate.autoconfigure.availability.AvailabilityHealthContributorAutoConfiguration
org.springframework.boot.actuate.autoconfigure.endpoint.EndpointAutoConfiguration
org.springframework.boot.actuate.autoconfigure.endpoint.web.ServletEndpointManagementContextConfiguration
org.springframework.boot.actuate.autoconfigure.endpoint.web.ServletEndpointManagementContextConfiguration$WebMvcServletEndpointManagementContextConfiguration
org.springframework.boot.actuate.autoconfigure.endpoint.web.WebEndpointAutoConfiguration
org.springframework.boot.actuate.autoconfigure.endpoint.web.WebEndpointAutoConfiguration$WebEndpointServletConfiguration
org.springframework.boot.actuate.autoconfigure.endpoint.web.servlet.WebMvcEndpointManagementContextConfiguration
org.springframework.boot.actuate.autoconfigure.health.HealthContributorAutoConfiguration
org.springframework.boot.actuate.autoconfigure.health.HealthEndpointAutoConfiguration
org.springframework.boot.actuate.autoconfigure.health.HealthEndpointConfiguration
org.springframework.boot.actuate.autoconfigure.health.HealthEndpointWebExtensionConfiguration
org.springframework.boot.actuate.autoconfigure.health.LegacyHealthEndpointAdaptersConfiguration
org.springframework.boot.actuate.autoconfigure.health.LegacyHealthEndpointCompatibilityConfiguration
org.springframework.boot.actuate.autoconfigure.info.InfoContributorAutoConfiguration
org.springframework.boot.actuate.autoconfigure.info.InfoEndpointAutoConfiguration
org.springframework.boot.actuate.autoconfigure.metrics.CompositeMeterRegistryAutoConfiguration
org.springframework.boot.actuate.autoconfigure.metrics.JvmMetricsAutoConfiguration
org.springframework.boot.actuate.autoconfigure.metrics.LogbackMetricsAutoConfiguration
org.springframework.boot.actuate.autoconfigure.metrics.MetricsAutoConfiguration
org.springframework.boot.actuate.autoconfigure.metrics.SystemMetricsAutoConfiguration
org.springframework.boot.actuate.autoconfigure.metrics.export.simple.SimpleMetricsExportAutoConfiguration
org.springframework.boot.actuate.autoconfigure.metrics.web.client.HttpClientMetricsAutoConfiguration
org.springframework.boot.actuate.autoconfigure.metrics.web.client.RestTemplateMetricsConfiguration
org.springframework.boot.actuate.autoconfigure.metrics.web.servlet.WebMvcMetricsAutoConfiguration
org.springframework.boot.actuate.autoconfigure.metrics.web.tomcat.TomcatMetricsAutoConfiguration
org.springframework.boot.actuate.autoconfigure.system.DiskSpaceHealthContributorAutoConfiguration
org.springframework.boot.actuate.autoconfigure.web.mappings.MappingsEndpointAutoConfiguration
org.springframework.boot.actuate.autoconfigure.web.mappings.MappingsEndpointAutoConfiguration$ServletWebConfiguration
org.springframework.boot.actuate.autoconfigure.web.mappings.MappingsEndpointAutoConfiguration$ServletWebConfiguration$SpringMvcConfiguration
org.springframework.boot.actuate.autoconfigure.web.server.ManagementContextAutoConfiguration
org.springframework.boot.actuate.autoconfigure.web.server.ManagementContextAutoConfiguration$SameManagementContextConfiguration
org.springframework.boot.actuate.autoconfigure.web.server.ManagementContextAutoConfiguration$SameManagementContextConfiguration$EnableSameManagementContextConfiguration
org.springframework.boot.actuate.autoconfigure.web.servlet.ServletManagementContextAutoConfiguration
org.springframework.boot.autoconfigure.AutoConfigurationPackages
org.springframework.boot.autoconfigure.aop.AopAutoConfiguration
org.springframework.boot.autoconfigure.aop.AopAutoConfiguration$ClassProxyingConfiguration
org.springframework.boot.autoconfigure.availability.ApplicationAvailabilityAutoConfiguration
org.springframework.boot.autoconfigure.context.ConfigurationPropertiesAutoConfiguration
org.springframework.boot.autoconfigure.context.LifecycleAutoConfiguration
org.springframework.boot.autoconfigure.context.PropertyPlaceholderAutoConfiguration
org.springframework.boot.autoconfigure.http.HttpMessageConvertersAutoConfiguration
org.springframework.boot.autoconfigure.http.HttpMessageConvertersAutoConfiguration$StringHttpMessageConverterConfiguration
org.springframework.boot.autoconfigure.http.JacksonHttpMessageConvertersConfiguration
org.springframework.boot.autoconfigure.http.JacksonHttpMessageConvertersConfiguration$MappingJackson2HttpMessageConverterConfiguration
org.springframework.boot.autoconfigure.info.ProjectInfoAutoConfiguration
org.springframework.boot.autoconfigure.internalCachingMetadataReaderFactory
org.springframework.boot.autoconfigure.jackson.JacksonAutoConfiguration
org.springframework.boot.autoconfigure.jackson.JacksonAutoConfiguration$Jackson2ObjectMapperBuilderCustomizerConfiguration
org.springframework.boot.autoconfigure.jackson.JacksonAutoConfiguration$JacksonObjectMapperBuilderConfiguration
org.springframework.boot.autoconfigure.jackson.JacksonAutoConfiguration$JacksonObjectMapperConfiguration
org.springframework.boot.autoconfigure.jackson.JacksonAutoConfiguration$ParameterNamesModuleConfiguration
org.springframework.boot.autoconfigure.task.TaskExecutionAutoConfiguration
org.springframework.boot.autoconfigure.task.TaskSchedulingAutoConfiguration
org.springframework.boot.autoconfigure.web.client.RestTemplateAutoConfiguration
org.springframework.boot.autoconfigure.web.embedded.EmbeddedWebServerFactoryCustomizerAutoConfiguration
org.springframework.boot.autoconfigure.web.embedded.EmbeddedWebServerFactoryCustomizerAutoConfiguration$TomcatWebServerFactoryCustomizerConfiguration
org.springframework.boot.autoconfigure.web.servlet.DispatcherServletAutoConfiguration
org.springframework.boot.autoconfigure.web.servlet.DispatcherServletAutoConfiguration$DispatcherServletConfiguration
org.springframework.boot.autoconfigure.web.servlet.DispatcherServletAutoConfiguration$DispatcherServletRegistrationConfiguration
org.springframework.boot.autoconfigure.web.servlet.HttpEncodingAutoConfiguration
org.springframework.boot.autoconfigure.web.servlet.MultipartAutoConfiguration
org.springframework.boot.autoconfigure.web.servlet.ServletWebServerFactoryAutoConfiguration
org.springframework.boot.autoconfigure.web.servlet.ServletWebServerFactoryConfiguration$EmbeddedTomcat
org.springframework.boot.autoconfigure.web.servlet.WebMvcAutoConfiguration
org.springframework.boot.autoconfigure.web.servlet.WebMvcAutoConfiguration$EnableWebMvcConfiguration
org.springframework.boot.autoconfigure.web.servlet.WebMvcAutoConfiguration$WebMvcAutoConfigurationAdapter
org.springframework.boot.autoconfigure.web.servlet.error.ErrorMvcAutoConfiguration
org.springframework.boot.autoconfigure.web.servlet.error.ErrorMvcAutoConfiguration$DefaultErrorViewResolverConfiguration
org.springframework.boot.autoconfigure.web.servlet.error.ErrorMvcAutoConfiguration$WhitelabelErrorViewConfiguration
org.springframework.boot.autoconfigure.websocket.servlet.WebSocketServletAutoConfiguration
org.springframework.boot.autoconfigure.websocket.servlet.WebSocketServletAutoConfiguration$TomcatWebSocketConfiguration
org.springframework.boot.context.internalConfigurationPropertiesBinder
org.springframework.boot.context.internalConfigurationPropertiesBinderFactory
org.springframework.boot.context.properties.BoundConfigurationProperties
org.springframework.boot.context.properties.ConfigurationBeanFactoryMetadata
org.springframework.boot.context.properties.ConfigurationPropertiesBindingPostProcessor
org.springframework.boot.test.autoconfigure.web.servlet.MockMvcAutoConfiguration
org.springframework.boot.test.context.ImportsContextCustomizer$ImportsCleanupPostProcessor
org.springframework.boot.test.mock.mockito.MockitoPostProcessor
org.springframework.boot.test.mock.mockito.MockitoPostProcessor$SpyPostProcessor
org.springframework.context.annotation.internalAutowiredAnnotationProcessor
org.springframework.context.annotation.internalCommonAnnotationProcessor
org.springframework.context.annotation.internalConfigurationAnnotationProcessor
org.springframework.context.event.internalEventListenerFactory
org.springframework.context.event.internalEventListenerProcessor
parameterNamesModule
pathMappedEndpoints
pingHealthContributor
preserveErrorControllerTargetClassPostProcessor
processorMetrics
propertiesMeterFilter
propertySourcesPlaceholderConfigurer
requestContextFilter
requestMappingHandlerAdapter
requestMappingHandlerMapping
resourceHandlerMapping
restTemplateBuilder
restTemplateExchangeTagsProvider
routerFunctionMapping
server-org.springframework.boot.autoconfigure.web.ServerProperties
servletEndpointDiscoverer
servletEndpointRegistrar
servletExposeExcludePropertyEndpointFilter
servletMappingDescriptionProvider
servletWebChildContextFactory
servletWebServerFactoryCustomizer
simpleConfig
simpleControllerHandlerAdapter
simpleMeterRegistry
spring.info-org.springframework.boot.autoconfigure.info.ProjectInfoProperties
spring.jackson-org.springframework.boot.autoconfigure.jackson.JacksonProperties
spring.lifecycle-org.springframework.boot.autoconfigure.context.LifecycleProperties
spring.mvc-org.springframework.boot.autoconfigure.web.servlet.WebMvcProperties
spring.resources-org.springframework.boot.autoconfigure.web.ResourceProperties
spring.servlet.multipart-org.springframework.boot.autoconfigure.web.servlet.MultipartProperties
spring.task.execution-org.springframework.boot.autoconfigure.task.TaskExecutionProperties
spring.task.scheduling-org.springframework.boot.autoconfigure.task.TaskSchedulingProperties
springBootMockMvcBuilderCustomizer
standardJacksonObjectMapperBuilderCustomizer
stringHttpMessageConverter
taskExecutorBuilder
taskSchedulerBuilder
tomcatMetricsBinder
tomcatServletWebServerFactory
tomcatServletWebServerFactoryCustomizer
tomcatWebServerFactoryCustomizer
uptimeMetrics
viewControllerHandlerMapping
viewResolver
webEndpointDiscoverer
webEndpointPathMapper
webEndpointServletHandlerMapping
webExposeExcludePropertyEndpointFilter
webMvcMetricsFilter
webMvcTagsProvider
webServerFactoryCustomizerBeanPostProcessor
websocketServletWebServerCustomizer
welcomePageHandlerMapping
]]></system-out>
  <system-err><![CDATA[]]></system-err>
</testsuite>
